TN:
SF:src\app.ts
FN:26,(anonymous_1)
FN:30,(anonymous_2)
FN:43,(anonymous_3)
FNF:3
FNH:3
FNDA:2,(anonymous_1)
FNDA:38,(anonymous_2)
FNDA:38,(anonymous_3)
DA:3,2
DA:4,2
DA:5,2
DA:6,2
DA:7,2
DA:8,2
DA:9,2
DA:10,2
DA:11,2
DA:12,2
DA:13,2
DA:14,2
DA:16,2
DA:18,2
DA:21,2
DA:24,2
DA:26,2
DA:28,2
DA:31,38
DA:32,38
DA:34,0
DA:42,2
DA:43,2
DA:44,38
DA:45,35
DA:47,3
DA:51,2
DA:54,2
DA:55,0
DA:59,2
DA:60,2
DA:61,2
DA:64,2
DA:67,2
DA:69,2
LF:35
LH:33
BRDA:24,0,0,2
BRDA:24,0,1,2
BRDA:31,1,0,38
BRDA:31,1,1,0
BRDA:31,2,0,38
BRDA:31,2,1,0
BRDA:44,3,0,35
BRDA:44,3,1,3
BRDA:54,4,0,0
BRDA:54,4,1,2
BRF:10
BRH:7
end_of_record
TN:
SF:src\controllers\auth.controller.ts
FN:16,(anonymous_1)
FN:50,(anonymous_2)
FN:90,(anonymous_3)
FN:125,(anonymous_4)
FNF:4
FNH:4
FNDA:14,(anonymous_1)
FNDA:3,(anonymous_2)
FNDA:4,(anonymous_3)
FNDA:3,(anonymous_4)
DA:2,2
DA:3,2
DA:5,2
DA:6,2
DA:7,2
DA:8,2
DA:16,2
DA:17,14
DA:18,14
DA:20,14
DA:21,0
DA:25,14
DA:26,0
DA:31,14
DA:32,14
DA:33,1
DA:38,13
DA:39,13
DA:40,13
DA:46,1
DA:50,2
DA:51,3
DA:52,3
DA:54,3
DA:55,0
DA:60,3
DA:61,3
DA:62,2
DA:67,1
DA:68,1
DA:73,1
DA:74,1
DA:76,1
DA:86,2
DA:90,2
DA:91,4
DA:92,4
DA:93,4
DA:94,1
DA:98,3
DA:99,3
DA:100,1
DA:105,2
DA:106,2
DA:108,1
DA:109,1
DA:113,1
DA:114,1
DA:115,1
DA:121,3
DA:125,2
DA:126,3
DA:127,3
DA:128,3
DA:129,1
DA:133,2
DA:134,2
DA:139,1
LF:58
LH:55
BRDA:20,0,0,0
BRDA:20,0,1,14
BRDA:20,1,0,14
BRDA:20,1,1,14
BRDA:25,2,0,0
BRDA:25,2,1,14
BRDA:25,3,0,14
BRDA:25,3,1,14
BRDA:32,4,0,1
BRDA:32,4,1,13
BRDA:54,5,0,0
BRDA:54,5,1,3
BRDA:61,6,0,2
BRDA:61,6,1,1
BRDA:61,7,0,3
BRDA:61,7,1,2
BRDA:93,8,0,1
BRDA:93,8,1,3
BRDA:99,9,0,1
BRDA:99,9,1,2
BRDA:128,10,0,1
BRDA:128,10,1,2
BRF:22
BRH:19
end_of_record
TN:
SF:src\controllers\feedback.controller.ts
FN:7,(anonymous_9)
FN:19,(anonymous_10)
FN:34,(anonymous_11)
FN:45,(anonymous_12)
FN:62,(anonymous_13)
FNF:5
FNH:5
FNDA:1,(anonymous_9)
FNDA:2,(anonymous_10)
FNDA:1,(anonymous_11)
FNDA:2,(anonymous_12)
FNDA:2,(anonymous_13)
DA:3,2
DA:4,2
DA:7,2
DA:8,1
DA:9,1
DA:10,1
DA:11,1
DA:19,2
DA:20,2
DA:21,2
DA:22,1
DA:27,1
DA:34,2
DA:35,1
DA:36,1
DA:37,1
DA:45,2
DA:46,2
DA:47,2
DA:48,2
DA:49,1
DA:54,1
DA:62,2
DA:63,2
DA:64,2
DA:65,1
DA:70,1
LF:27
LH:27
BRDA:8,0,0,1
BRDA:8,0,1,1
BRDA:9,1,0,1
BRDA:9,1,1,1
BRDA:21,2,0,1
BRDA:21,2,1,1
BRDA:48,3,0,1
BRDA:48,3,1,1
BRDA:64,4,0,1
BRDA:64,4,1,1
BRF:10
BRH:10
end_of_record
TN:
SF:src\middleware\errorHandler.ts
FN:4,(anonymous_0)
FN:18,notFoundHandler
FNF:2
FNH:1
FNDA:13,(anonymous_0)
FNDA:0,notFoundHandler
DA:2,2
DA:4,2
DA:5,13
DA:6,13
DA:12,0
DA:18,2
DA:19,0
LF:7
LH:5
BRDA:5,0,0,13
BRDA:5,0,1,0
BRDA:7,1,0,13
BRDA:7,1,1,13
BRF:4
BRH:3
end_of_record
TN:
SF:src\middleware\rateLimiter.ts
FNF:0
FNH:0
DA:1,2
DA:3,2
DA:16,2
LF:3
LH:3
BRF:0
BRH:0
end_of_record
TN:
SF:src\models\RefreshToken.ts
FNF:0
FNH:0
DA:1,2
DA:9,2
DA:15,2
DA:16,2
LF:4
LH:4
BRF:0
BRH:0
end_of_record
TN:
SF:src\models\feedback.model.ts
FNF:0
FNH:0
DA:2,3
DA:11,3
DA:22,3
LF:3
LH:3
BRF:0
BRH:0
end_of_record
TN:
SF:src\models\user.model.ts
FN:23,(anonymous_10)
FN:27,(anonymous_11)
FNF:2
FNH:2
FNDA:2,(anonymous_10)
FNDA:13,(anonymous_11)
DA:1,2
DA:2,2
DA:15,2
DA:23,2
DA:24,2
DA:27,2
DA:28,13
DA:29,13
DA:30,0
DA:32,13
DA:35,2
DA:36,2
LF:12
LH:11
BRDA:28,0,0,0
BRDA:28,0,1,13
BRDA:29,1,0,0
BRDA:29,1,1,13
BRDA:29,2,0,13
BRDA:29,2,1,13
BRF:6
BRH:4
end_of_record
TN:
SF:src\routes\auth.route.ts
FNF:0
FNH:0
DA:1,2
DA:2,2
DA:3,2
DA:4,2
DA:6,2
DA:8,2
DA:9,2
DA:10,2
DA:11,2
DA:13,2
LF:10
LH:10
BRF:0
BRH:0
end_of_record
TN:
SF:src\routes\feedback.route.ts
FNF:0
FNH:0
DA:2,2
DA:3,2
DA:4,2
DA:10,2
DA:13,2
DA:16,2
DA:19,2
DA:22,2
DA:25,2
DA:27,2
LF:10
LH:10
BRF:0
BRH:0
end_of_record
TN:
SF:src\routes\health.route.ts
FNF:0
FNH:0
DA:1,2
DA:2,2
DA:3,2
DA:5,2
DA:7,2
DA:9,2
LF:6
LH:6
BRF:0
BRH:0
end_of_record
TN:
SF:src\services\auth.service.ts
FN:19,(anonymous_1)
FN:23,(anonymous_2)
FN:27,(anonymous_3)
FN:33,(anonymous_4)
FN:38,signAccessToken
FN:42,signRefreshToken
FN:46,verifyAccessToken
FN:63,roleGuard
FN:64,(anonymous_9)
FNF:9
FNH:6
FNDA:2,(anonymous_1)
FNDA:2,(anonymous_2)
FNDA:1,(anonymous_3)
FNDA:2,(anonymous_4)
FNDA:2,signAccessToken
FNDA:8,signRefreshToken
FNDA:0,verifyAccessToken
FNDA:0,roleGuard
FNDA:0,(anonymous_9)
DA:2,3
DA:4,3
DA:5,3
DA:13,3
DA:14,3
DA:15,3
DA:16,3
DA:18,3
DA:20,2
DA:24,2
DA:28,1
DA:34,2
DA:38,3
DA:39,2
DA:42,3
DA:43,8
DA:46,3
DA:47,0
DA:48,0
DA:49,0
DA:51,0
DA:52,0
DA:53,0
DA:54,0
DA:55,0
DA:57,0
DA:63,3
DA:64,0
DA:65,0
DA:66,0
DA:68,0
LF:31
LH:18
BRDA:15,0,0,3
BRDA:15,0,1,1
BRDA:16,1,0,3
BRDA:16,1,1,1
BRDA:28,2,0,1
BRDA:28,2,1,1
BRDA:34,3,0,2
BRDA:34,3,1,2
BRDA:48,4,0,0
BRDA:48,4,1,0
BRDA:48,5,0,0
BRDA:48,5,1,0
BRDA:65,6,0,0
BRDA:65,6,1,0
BRDA:65,7,0,0
BRDA:65,7,1,0
BRF:16
BRH:8
end_of_record
TN:
SF:src\services\feedback.service.ts
FN:11,listFeedback
FN:20,getFeedback
FN:24,createFeedback
FN:48,updateFeedback
FN:65,deleteFeedback
FNF:5
FNH:5
FNDA:2,listFeedback
FNDA:4,getFeedback
FNDA:5,createFeedback
FNDA:4,updateFeedback
FNDA:4,deleteFeedback
DA:2,3
DA:3,3
DA:11,3
DA:12,2
DA:13,2
DA:17,2
DA:20,3
DA:21,4
DA:24,3
DA:25,5
DA:28,5
DA:29,1
DA:33,4
DA:34,1
DA:38,3
DA:39,1
DA:44,2
DA:45,2
DA:48,3
DA:52,4
DA:53,4
DA:54,2
DA:55,2
DA:56,2
DA:57,2
DA:58,2
DA:65,3
DA:66,4
DA:67,4
DA:68,2
DA:69,2
LF:31
LH:31
BRDA:28,0,0,1
BRDA:28,0,1,4
BRDA:33,1,0,1
BRDA:33,1,1,3
BRDA:33,2,0,4
BRDA:33,2,1,4
BRDA:38,3,0,1
BRDA:38,3,1,2
BRDA:38,4,0,3
BRDA:38,4,1,3
BRDA:53,5,0,2
BRDA:53,5,1,2
BRDA:54,6,0,2
BRDA:54,6,1,0
BRDA:55,7,0,1
BRDA:55,7,1,1
BRDA:56,8,0,1
BRDA:56,8,1,1
BRDA:67,9,0,2
BRDA:67,9,1,2
BRF:20
BRH:19
end_of_record
TN:
SF:src\utils\ApiError.ts
FN:7,(anonymous_0)
FNF:1
FNH:1
FNDA:16,(anonymous_0)
DA:2,4
DA:4,16
DA:8,16
DA:9,16
DA:10,16
DA:11,16
DA:12,16
DA:13,16
LF:8
LH:8
BRDA:12,0,0,16
BRDA:12,0,1,0
BRF:2
BRH:1
end_of_record
TN:
SF:src\utils\asyncHandler.ts
FN:4,asyncHandler
FN:7,(anonymous_1)
FNF:2
FNH:2
FNDA:12,asyncHandler
FNDA:8,(anonymous_1)
DA:4,2
DA:7,12
DA:8,8
LF:3
LH:3
BRF:0
BRH:0
end_of_record
TN:
SF:src\validators\authValidator.ts
FN:17,validateRegister
FN:23,(anonymous_1)
FN:30,validateLogin
FN:36,(anonymous_3)
FNF:4
FNH:4
FNDA:16,validateRegister
FNDA:2,(anonymous_1)
FNDA:4,validateLogin
FNDA:1,(anonymous_3)
DA:2,2
DA:4,2
DA:6,2
DA:12,2
DA:17,2
DA:18,16
DA:19,16
DA:20,14
DA:21,14
DA:23,2
DA:27,2
DA:30,2
DA:31,4
DA:32,4
DA:33,3
DA:34,3
DA:36,1
DA:40,1
LF:18
LH:18
BRDA:19,0,0,14
BRDA:19,0,1,2
BRDA:32,1,0,3
BRDA:32,1,1,1
BRF:4
BRH:4
end_of_record
TN:
SF:src\validators\feedbackValidator.ts
FN:18,validateResource
FN:19,(anonymous_1)
FN:25,(anonymous_2)
FNF:3
FNH:3
FNDA:4,validateResource
FNDA:6,(anonymous_1)
FNDA:3,(anonymous_2)
DA:2,2
DA:4,2
DA:6,2
DA:12,2
DA:18,2
DA:19,4
DA:20,6
DA:21,6
DA:22,3
DA:23,3
DA:25,3
DA:29,3
LF:12
LH:12
BRDA:21,0,0,3
BRDA:21,0,1,3
BRF:2
BRH:2
end_of_record
